{"level":"error","message":"failed to start Express Server"}
{"code":"ENOENT","errno":-4058,"level":"error","path":"C:\\Users\\Аня\\Desktop\\Generated\\api\\openapi.yaml","syscall":"open"}
{"level":"error"}
{"level":"error","message":"failed to start Express Server"}
{"code":"ENOENT","errno":-4058,"level":"error","path":"C:\\Users\\Аня\\Desktop\\Generated\\api\\openapi.yaml","syscall":"open"}
{"level":"error"}
{"level":"error","message":"failed to start Express Server"}
{"code":"ENOENT","errno":-4058,"level":"error","path":"C:\\Users\\Аня\\Desktop\\Generated\\api\\openapi.yaml","syscall":"open"}
{"level":"error"}
{"level":"error","message":"failed to start Express Server"}
{"code":"ENOENT","errno":-4058,"level":"error","path":"C:\\Users\\Аня\\Desktop\\Generated\\api\\openapi.yaml","syscall":"open"}
{"level":"error"}
{"level":"error","message":"failed to start Express Server"}
{"level":"error"}
{"level":"error"}
{"level":"error","message":"failed to start Express Server"}
{"level":"error"}
{"level":"error"}
{"level":"error","message":"failed to start Express Server"}
{"level":"error"}
{"level":"error"}
{"level":"error","message":"failed to start Express Server"}
{"level":"error"}
{"level":"error"}
{"level":"error","message":"failed to start Express Server"}
{"level":"error"}
{"level":"error"}
{"level":"error","message":"failed to start Express Server"}
{"level":"error"}
{"level":"error"}
{"level":"error","message":"failed to start Express Server"}
{"level":"error"}
{"level":"error"}
{"level":"error","message":"failed to start Express Server"}
{"level":"error"}
{"level":"error"}
{"level":"error","message":"failed to start Express Server"}
{"level":"error"}
{"level":"error"}
{"level":"error","message":"failed to start Express Server"}
{"level":"error"}
{"level":"error"}
{"level":"error","message":"failed to start Express Server"}
{"level":"error"}
{"level":"error"}
{"level":"error","message":"failed to start Express Server"}
{"level":"error"}
{"level":"error"}
{"level":"error","message":"failed to start Express Server"}
{"level":"error"}
{"level":"error"}
{"level":"error","message":"Error launching server: connect is not defined","stack":"ReferenceError: connect is not defined\n    at connectToDatabase (C:\\Users\\Аня\\Desktop\\Generated\\database_connect.js:18:9)\n    at launchServer (C:\\Users\\Аня\\Desktop\\Generated\\index.js:100:22)\n    at Object.<anonymous> (C:\\Users\\Аня\\Desktop\\Generated\\index.js:117:1)\n    at Module._compile (node:internal/modules/cjs/loader:1358:14)\n    at Module._extensions..js (node:internal/modules/cjs/loader:1416:10)\n    at Module.load (node:internal/modules/cjs/loader:1208:32)\n    at Module._load (node:internal/modules/cjs/loader:1024:12)\n    at Function.executeUserEntryPoint [as runMain] (node:internal/modules/run_main:174:12)\n    at node:internal/main/run_main_module:28:49"}
{"level":"error","message":"Unhandled error: this.close is not a function","stack":"TypeError: this.close is not a function\n    at launchServer (C:\\Users\\Аня\\Desktop\\Generated\\index.js:113:16)\n    at process.processTicksAndRejections (node:internal/process/task_queues:95:5)"}
{"level":"error","message":"Error launching server: connect is not defined","stack":"ReferenceError: connect is not defined\n    at connectToDatabase (C:\\Users\\Аня\\Desktop\\Generated\\database_connect.js:18:9)\n    at launchServer (C:\\Users\\Аня\\Desktop\\Generated\\index.js:100:22)\n    at Object.<anonymous> (C:\\Users\\Аня\\Desktop\\Generated\\index.js:117:1)\n    at Module._compile (node:internal/modules/cjs/loader:1358:14)\n    at Module._extensions..js (node:internal/modules/cjs/loader:1416:10)\n    at Module.load (node:internal/modules/cjs/loader:1208:32)\n    at Module._load (node:internal/modules/cjs/loader:1024:12)\n    at Function.executeUserEntryPoint [as runMain] (node:internal/modules/run_main:174:12)\n    at node:internal/main/run_main_module:28:49"}
{"level":"error","message":"Unhandled error: this.close is not a function","stack":"TypeError: this.close is not a function\n    at launchServer (C:\\Users\\Аня\\Desktop\\Generated\\index.js:113:16)\n    at process.processTicksAndRejections (node:internal/process/task_queues:95:5)"}
{"level":"error","message":"Error launching server: connect is not defined","stack":"ReferenceError: connect is not defined\n    at connectToDatabase (C:\\Users\\Аня\\Desktop\\Generated\\database_connect.js:18:9)\n    at launchServer (C:\\Users\\Аня\\Desktop\\Generated\\index.js:100:22)\n    at Object.<anonymous> (C:\\Users\\Аня\\Desktop\\Generated\\index.js:117:1)\n    at Module._compile (node:internal/modules/cjs/loader:1358:14)\n    at Module._extensions..js (node:internal/modules/cjs/loader:1416:10)\n    at Module.load (node:internal/modules/cjs/loader:1208:32)\n    at Module._load (node:internal/modules/cjs/loader:1024:12)\n    at Function.executeUserEntryPoint [as runMain] (node:internal/modules/run_main:174:12)\n    at node:internal/main/run_main_module:28:49"}
{"level":"error","message":"Error launching server: connect is not defined","stack":"ReferenceError: connect is not defined\n    at connectToDatabase (C:\\Users\\Аня\\Desktop\\Generated\\database_connect.js:18:9)\n    at launchServer (C:\\Users\\Аня\\Desktop\\Generated\\index.js:100:22)\n    at Object.<anonymous> (C:\\Users\\Аня\\Desktop\\Generated\\index.js:117:1)\n    at Module._compile (node:internal/modules/cjs/loader:1358:14)\n    at Module._extensions..js (node:internal/modules/cjs/loader:1416:10)\n    at Module.load (node:internal/modules/cjs/loader:1208:32)\n    at Module._load (node:internal/modules/cjs/loader:1024:12)\n    at Function.executeUserEntryPoint [as runMain] (node:internal/modules/run_main:174:12)\n    at node:internal/main/run_main_module:28:49"}
{"level":"error","message":"Error launching server: connect is not defined","stack":"ReferenceError: connect is not defined\n    at connectToDatabase (C:\\Users\\Аня\\Desktop\\Generated\\database_connect.js:18:9)\n    at launchServer (C:\\Users\\Аня\\Desktop\\Generated\\index.js:100:22)\n    at Object.<anonymous> (C:\\Users\\Аня\\Desktop\\Generated\\index.js:117:1)\n    at Module._compile (node:internal/modules/cjs/loader:1358:14)\n    at Module._extensions..js (node:internal/modules/cjs/loader:1416:10)\n    at Module.load (node:internal/modules/cjs/loader:1208:32)\n    at Module._load (node:internal/modules/cjs/loader:1024:12)\n    at Function.executeUserEntryPoint [as runMain] (node:internal/modules/run_main:174:12)\n    at node:internal/main/run_main_module:28:49"}
{"level":"error","message":"Error launching server: connect is not defined","stack":"ReferenceError: connect is not defined\n    at connectToDatabase (C:\\Users\\Аня\\Desktop\\Generated\\database_connect.js:19:9)\n    at process.processTicksAndRejections (node:internal/process/task_queues:95:5)\n    at async launchServer (C:\\Users\\Аня\\Desktop\\Generated\\index.js:100:16)"}
{"level":"error","message":"Error launching server: Invalid connection string","name":"MongoParseError","stack":"MongoParseError: Invalid connection string\n    at parseConnectionString (C:\\Users\\Аня\\Desktop\\Generated\\node_modules\\mongodb\\lib\\core\\uri_parser.js:585:21)\n    at connect (C:\\Users\\Аня\\Desktop\\Generated\\node_modules\\mongodb\\lib\\operations\\connect.js:283:3)\n    at C:\\Users\\Аня\\Desktop\\Generated\\node_modules\\mongodb\\lib\\mongo_client.js:284:5\n    at maybePromise (C:\\Users\\Аня\\Desktop\\Generated\\node_modules\\mongodb\\lib\\utils.js:692:3)\n    at MongoClient.connect (C:\\Users\\Аня\\Desktop\\Generated\\node_modules\\mongodb\\lib\\mongo_client.js:280:10)\n    at connectToDatabase (C:\\Users\\Аня\\Desktop\\Generated\\database_connect.js:17:22)\n    at launchServer (C:\\Users\\Аня\\Desktop\\Generated\\index.js:100:22)\n    at Object.<anonymous> (C:\\Users\\Аня\\Desktop\\Generated\\index.js:117:1)\n    at Module._compile (node:internal/modules/cjs/loader:1358:14)\n    at Module._extensions..js (node:internal/modules/cjs/loader:1416:10)"}
{"level":"error","message":"Error launching server: MongoDb is not defined","stack":"ReferenceError: MongoDb is not defined\n    at connectToDatabase (C:\\Users\\Аня\\Desktop\\Generated\\database_connect.js:19:32)\n    at process.processTicksAndRejections (node:internal/process/task_queues:95:5)\n    at async launchServer (C:\\Users\\Аня\\Desktop\\Generated\\index.js:100:16)"}
{"level":"error","message":"could not write message KafkaJSNumberOfRetriesExceeded: Connection error: "}
{"level":"error","message":"could not write message KafkaJSNumberOfRetriesExceeded: Connection error: "}
{"level":"error","message":"could not write message KafkaJSNumberOfRetriesExceeded: Connection error: "}
{"level":"error","message":"could not write message: KafkaJSNumberOfRetriesExceeded: Connection error: "}
{"level":"error","message":"could not write message: KafkaJSNumberOfRetriesExceeded: Connection error: "}
{"level":"error","message":"could not write message: KafkaJSNonRetriableError: Timeout while acquiring lock (2 waiting locks): \"updating target topics\""}
{"level":"error","message":"could not write message: KafkaJSNonRetriableError: Timeout while acquiring lock (1 waiting locks): \"updating target topics\""}
{"level":"error","message":"could not write message: KafkaJSNonRetriableError: Timeout while acquiring lock (1 waiting locks): \"updating target topics\""}
{"level":"error","message":"could not write message: KafkaJSNonRetriableError: There is no leader for this topic-partition as we are in the middle of a leadership election"}
{"level":"error","message":"could not write message: KafkaJSNonRetriableError: Replication-factor is invalid"}
{"level":"error","message":"could not write message: KafkaJSNonRetriableError: Timeout while acquiring lock (2 waiting locks): \"updating target topics\""}
{"level":"error","message":"could not write message: KafkaJSNonRetriableError: Timeout while acquiring lock (1 waiting locks): \"updating target topics\""}
{"level":"error","message":"could not write message: KafkaJSNonRetriableError: There is no leader for this topic-partition as we are in the middle of a leadership election"}
{"level":"error","message":"could not write message: KafkaJSNonRetriableError: Timeout while acquiring lock (1 waiting locks): \"updating target topics\""}
{"level":"error","message":"could not write message: KafkaJSNonRetriableError: Timeout while acquiring lock (1 waiting locks): \"updating target topics\""}
{"level":"error","message":"could not write message: KafkaJSNonRetriableError: Timeout while acquiring lock (1 waiting locks): \"updating target topics\""}
{"level":"error","message":"could not write message: KafkaJSNonRetriableError: Timeout while acquiring lock (1 waiting locks): \"updating target topics\""}
{"level":"error","message":"could not write message: KafkaJSNonRetriableError: Timeout while acquiring lock (1 waiting locks): \"updating target topics\""}
{"level":"error","message":"could not write message: KafkaJSNonRetriableError: Timeout while acquiring lock (1 waiting locks): \"updating target topics\""}
{"level":"error","message":"could not write message: KafkaJSNonRetriableError: Timeout while acquiring lock (2 waiting locks): \"updating target topics\""}
{"level":"error","message":"could not write message: KafkaJSNonRetriableError: Timeout while acquiring lock (1 waiting locks): \"updating target topics\""}
{"level":"error","message":"could not write message: KafkaJSNonRetriableError: Timeout while acquiring lock (1 waiting locks): \"updating target topics\""}
{"level":"error","message":"could not write message: KafkaJSNonRetriableError: Timeout while acquiring lock (1 waiting locks): \"updating target topics\""}
{"level":"error","message":"could not write message: KafkaJSNumberOfRetriesExceeded: Connection error: "}
{"level":"error","message":"could not write message: KafkaJSNumberOfRetriesExceeded: Connection error: "}
{"level":"error","message":"could not write message: KafkaJSNumberOfRetriesExceeded: Connection error: "}
{"level":"error","message":"could not write message: KafkaJSNumberOfRetriesExceeded: Connection error: "}
{"level":"error","message":"could not write message: KafkaJSNonRetriableError: Timeout while acquiring lock (1 waiting locks): \"updating target topics\""}
{"level":"error","message":"could not write message: KafkaJSNonRetriableError: Timeout while acquiring lock (1 waiting locks): \"updating target topics\""}
